<?xml version="1.0" encoding="UTF-8"?>
<testng-results ignored="0" total="1" passed="1" failed="0" skipped="0">
  <reporter-output>
  </reporter-output>
  <suite started-at="2022-10-09T09:30:25 IST" name="Default suite" finished-at="2022-10-09T09:30:31 IST" duration-ms="5609">
    <groups>
    </groups>
    <test started-at="2022-10-09T09:30:25 IST" name="Default test" finished-at="2022-10-09T09:30:31 IST" duration-ms="5609">
      <class name="stepDefinitions.CommonBrowserOperations">
        <test-method signature="browserLaunch()[pri:0, instance:stepDefinitions.CommonBrowserOperations@222545dc]" started-at="2022-10-09T09:30:25 IST" name="browserLaunch" finished-at="2022-10-09T09:30:31 IST" duration-ms="5574" status="PASS">
          <reporter-output>
          </reporter-output>
        </test-method> <!-- browserLaunch -->
        <test-method is-config="true" signature="tearDown()[pri:0, instance:stepDefinitions.CommonBrowserOperations@222545dc]" started-at="2022-10-09T09:30:31 IST" name="tearDown" finished-at="2022-10-09T09:30:31 IST" duration-ms="187" status="PASS">
          <reporter-output>
          </reporter-output>
        </test-method> <!-- tearDown -->
      </class> <!-- stepDefinitions.CommonBrowserOperations -->
    </test> <!-- Default test -->
  </suite> <!-- Default suite -->
</testng-results>
